{"numTotalTestSuites":51,"numPassedTestSuites":42,"numFailedTestSuites":9,"numPendingTestSuites":0,"numTotalTests":109,"numPassedTests":106,"numFailedTests":3,"numPendingTests":0,"numTodoTests":0,"snapshot":{"added":0,"failure":false,"filesAdded":0,"filesRemoved":0,"filesRemovedList":[],"filesUnmatched":0,"filesUpdated":0,"matched":0,"total":0,"unchecked":0,"uncheckedKeysByFile":[],"unmatched":0,"updated":0,"didUpdate":false},"startTime":1763487968159,"success":false,"testResults":[{"assertionResults":[{"ancestorTitles":["API Integration Tests","Authentication Endpoints"],"fullName":"API Integration Tests Authentication Endpoints POST /api/auth/login - should authenticate with valid credentials","status":"passed","title":"POST /api/auth/login - should authenticate with valid credentials","duration":232.6108939999997,"failureMessages":[],"meta":{}},{"ancestorTitles":["API Integration Tests","Authentication Endpoints"],"fullName":"API Integration Tests Authentication Endpoints POST /api/auth/login - should reject invalid credentials","status":"passed","title":"POST /api/auth/login - should reject invalid credentials","duration":246.65140500000007,"failureMessages":[],"meta":{}},{"ancestorTitles":["API Integration Tests","Authentication Endpoints"],"fullName":"API Integration Tests Authentication Endpoints POST /api/auth/login - should reject non-existent user","status":"passed","title":"POST /api/auth/login - should reject non-existent user","duration":223.8238940000001,"failureMessages":[],"meta":{}},{"ancestorTitles":["API Integration Tests","Authentication Endpoints"],"fullName":"API Integration Tests Authentication Endpoints POST /api/auth/login - should validate required fields","status":"passed","title":"POST /api/auth/login - should validate required fields","duration":4.916200000000117,"failureMessages":[],"meta":{}},{"ancestorTitles":["API Integration Tests","Event Endpoints"],"fullName":"API Integration Tests Event Endpoints GET /api/events - should return list of events","status":"passed","title":"GET /api/events - should return list of events","duration":614.6908759999997,"failureMessages":[],"meta":{}},{"ancestorTitles":["API Integration Tests","Event Endpoints"],"fullName":"API Integration Tests Event Endpoints GET /api/events/:id - should return single event","status":"passed","title":"GET /api/events/:id - should return single event","duration":1678.7358920000001,"failureMessages":[],"meta":{}},{"ancestorTitles":["API Integration Tests","Event Endpoints"],"fullName":"API Integration Tests Event Endpoints GET /api/events/:id - should return 404 for non-existent event","status":"passed","title":"GET /api/events/:id - should return 404 for non-existent event","duration":117.58854700000029,"failureMessages":[],"meta":{}},{"ancestorTitles":["API Integration Tests","Event Endpoints"],"fullName":"API Integration Tests Event Endpoints POST /api/events - should allow staff to create event","status":"passed","title":"POST /api/events - should allow staff to create event","duration":131.87588699999924,"failureMessages":[],"meta":{}},{"ancestorTitles":["API Integration Tests","Event Endpoints"],"fullName":"API Integration Tests Event Endpoints POST /api/events - should reject student creating event","status":"passed","title":"POST /api/events - should reject student creating event","duration":32.20764899999995,"failureMessages":[],"meta":{}},{"ancestorTitles":["API Integration Tests","Booking Endpoints"],"fullName":"API Integration Tests Booking Endpoints GET /api/bookings/user - should require authentication","status":"passed","title":"GET /api/bookings/user - should require authentication","duration":12.858310000000529,"failureMessages":[],"meta":{}},{"ancestorTitles":["API Integration Tests","Booking Endpoints"],"fullName":"API Integration Tests Booking Endpoints GET /api/bookings/user - should return user bookings","status":"passed","title":"GET /api/bookings/user - should return user bookings","duration":83.62542800000028,"failureMessages":[],"meta":{}},{"ancestorTitles":["API Integration Tests","Booking Endpoints"],"fullName":"API Integration Tests Booking Endpoints POST /api/bookings - should require authentication","status":"passed","title":"POST /api/bookings - should require authentication","duration":3.5735700000004726,"failureMessages":[],"meta":{}},{"ancestorTitles":["API Integration Tests","Health Endpoint"],"fullName":"API Integration Tests Health Endpoint GET /api/health - should return health status","status":"passed","title":"GET /api/health - should return health status","duration":36.382848999999624,"failureMessages":[],"meta":{}},{"ancestorTitles":["API Integration Tests","Health Endpoint"],"fullName":"API Integration Tests Health Endpoint GET /api/health - should include system information","status":"passed","title":"GET /api/health - should include system information","duration":156.95061599999917,"failureMessages":[],"meta":{}},{"ancestorTitles":["API Integration Tests","Error Handling"],"fullName":"API Integration Tests Error Handling should handle malformed JSON gracefully","status":"passed","title":"should handle malformed JSON gracefully","duration":7.938980000000811,"failureMessages":[],"meta":{}},{"ancestorTitles":["API Integration Tests","Error Handling"],"fullName":"API Integration Tests Error Handling should handle missing Content-Type header","status":"passed","title":"should handle missing Content-Type header","duration":11.805790000000343,"failureMessages":[],"meta":{}},{"ancestorTitles":["API Integration Tests","Error Handling"],"fullName":"API Integration Tests Error Handling should handle invalid Authorization header format","status":"passed","title":"should handle invalid Authorization header format","duration":17.850499000000127,"failureMessages":[],"meta":{}},{"ancestorTitles":["API Integration Tests","Error Handling"],"fullName":"API Integration Tests Error Handling should handle expired/invalid JWT tokens","status":"passed","title":"should handle expired/invalid JWT tokens","duration":5.888600000000224,"failureMessages":[],"meta":{}},{"ancestorTitles":["API Integration Tests","Response Headers"],"fullName":"API Integration Tests Response Headers should include proper Content-Type headers","status":"passed","title":"should include proper Content-Type headers","duration":244.36396500000046,"failureMessages":[],"meta":{}},{"ancestorTitles":["API Integration Tests","Response Headers"],"fullName":"API Integration Tests Response Headers should not expose sensitive server information","status":"failed","title":"should not expose sensitive server information","duration":252.46201400000064,"failureMessages":["AssertionError: expected 'Express' not to contain 'Express'\n    at /home/runner/workspace/server/__tests__/api.integration.test.ts:291:32\n    at processTicksAndRejections (node:internal/process/task_queues:95:5)\n    at file:///home/runner/workspace/node_modules/@vitest/runner/dist/index.js:753:20"],"meta":{}}],"startTime":1763487972067,"endTime":1763487976188.462,"status":"failed","message":"","name":"/home/runner/workspace/server/__tests__/api.integration.test.ts"},{"assertionResults":[{"ancestorTitles":["Booking Capacity Logic","calculateEffectiveCapacity"],"fullName":"Booking Capacity Logic calculateEffectiveCapacity should return base capacity when overbooking is disabled","status":"passed","title":"should return base capacity when overbooking is disabled","duration":1.4493999999999687,"failureMessages":[],"meta":{}},{"ancestorTitles":["Booking Capacity Logic","calculateEffectiveCapacity"],"fullName":"Booking Capacity Logic calculateEffectiveCapacity should return +5% capacity when overbooking is enabled","status":"passed","title":"should return +5% capacity when overbooking is enabled","duration":0.3699699999999666,"failureMessages":[],"meta":{}},{"ancestorTitles":["Booking Capacity Logic","calculateEffectiveCapacity"],"fullName":"Booking Capacity Logic calculateEffectiveCapacity should handle edge cases correctly","status":"passed","title":"should handle edge cases correctly","duration":0.42653999999993175,"failureMessages":[],"meta":{}},{"ancestorTitles":["Booking Capacity Logic","calculateEffectiveCapacity"],"fullName":"Booking Capacity Logic calculateEffectiveCapacity should never reduce capacity with overbooking","status":"passed","title":"should never reduce capacity with overbooking","duration":0.408909999999878,"failureMessages":[],"meta":{}},{"ancestorTitles":["Booking Capacity Logic","determineBookingStatus"],"fullName":"Booking Capacity Logic determineBookingStatus should assign confirmed status when slots are available","status":"passed","title":"should assign confirmed status when slots are available","duration":0.16695000000004256,"failureMessages":[],"meta":{}},{"ancestorTitles":["Booking Capacity Logic","determineBookingStatus"],"fullName":"Booking Capacity Logic determineBookingStatus should assign waitlisted status when at capacity","status":"passed","title":"should assign waitlisted status when at capacity","duration":0.20416000000000167,"failureMessages":[],"meta":{}},{"ancestorTitles":["Booking Capacity Logic","determineBookingStatus"],"fullName":"Booking Capacity Logic determineBookingStatus should handle boundary conditions correctly","status":"passed","title":"should handle boundary conditions correctly","duration":0.1813400000000911,"failureMessages":[],"meta":{}},{"ancestorTitles":["Booking Capacity Logic","determineBookingStatus"],"fullName":"Booking Capacity Logic determineBookingStatus should work with zero capacity events","status":"passed","title":"should work with zero capacity events","duration":0.2617299999999432,"failureMessages":[],"meta":{}},{"ancestorTitles":["Booking Capacity Logic","calculateRemainingSlots"],"fullName":"Booking Capacity Logic calculateRemainingSlots should calculate correct remaining slots","status":"passed","title":"should calculate correct remaining slots","duration":0.5341100000000552,"failureMessages":[],"meta":{}},{"ancestorTitles":["Booking Capacity Logic","calculateRemainingSlots"],"fullName":"Booking Capacity Logic calculateRemainingSlots should never return negative slots","status":"passed","title":"should never return negative slots","duration":0.31231000000002496,"failureMessages":[],"meta":{}},{"ancestorTitles":["Booking Capacity Logic","calculateRemainingSlots"],"fullName":"Booking Capacity Logic calculateRemainingSlots should work with overbooking scenarios","status":"passed","title":"should work with overbooking scenarios","duration":0.13729000000012093,"failureMessages":[],"meta":{}},{"ancestorTitles":["Waitlist Promotion Logic"],"fullName":"Waitlist Promotion Logic should return oldest waitlisted booking","status":"passed","title":"should return oldest waitlisted booking","duration":0.3175099999998565,"failureMessages":[],"meta":{}},{"ancestorTitles":["Waitlist Promotion Logic"],"fullName":"Waitlist Promotion Logic should return null when no waitlisted bookings exist","status":"passed","title":"should return null when no waitlisted bookings exist","duration":0.16109000000005835,"failureMessages":[],"meta":{}},{"ancestorTitles":["Waitlist Promotion Logic"],"fullName":"Waitlist Promotion Logic should return null for empty booking list","status":"passed","title":"should return null for empty booking list","duration":0.5277200000000448,"failureMessages":[],"meta":{}},{"ancestorTitles":["Waitlist Promotion Logic"],"fullName":"Waitlist Promotion Logic should handle multiple waitlisted bookings correctly","status":"passed","title":"should handle multiple waitlisted bookings correctly","duration":0.19501999999988584,"failureMessages":[],"meta":{}},{"ancestorTitles":["Waitlist Promotion Logic"],"fullName":"Waitlist Promotion Logic should maintain FIFO order for simultaneous waitlist additions","status":"passed","title":"should maintain FIFO order for simultaneous waitlist additions","duration":0.17267000000015287,"failureMessages":[],"meta":{}},{"ancestorTitles":["Department Validation Logic"],"fullName":"Department Validation Logic should allow booking when departments match","status":"passed","title":"should allow booking when departments match","duration":0.4149400000001151,"failureMessages":[],"meta":{}},{"ancestorTitles":["Department Validation Logic"],"fullName":"Department Validation Logic should block booking when departments do not match","status":"passed","title":"should block booking when departments do not match","duration":0.15729000000010274,"failureMessages":[],"meta":{}},{"ancestorTitles":["Department Validation Logic"],"fullName":"Department Validation Logic should be case-sensitive","status":"passed","title":"should be case-sensitive","duration":0.09480000000007749,"failureMessages":[],"meta":{}},{"ancestorTitles":["Department Validation Logic"],"fullName":"Department Validation Logic should handle empty department strings","status":"passed","title":"should handle empty department strings","duration":0.15107000000011794,"failureMessages":[],"meta":{}},{"ancestorTitles":["Input Validation Logic","validateEventCapacity"],"fullName":"Input Validation Logic validateEventCapacity should accept valid capacity values","status":"passed","title":"should accept valid capacity values","duration":0.18879000000015367,"failureMessages":[],"meta":{}},{"ancestorTitles":["Input Validation Logic","validateEventCapacity"],"fullName":"Input Validation Logic validateEventCapacity should reject zero or negative capacity","status":"passed","title":"should reject zero or negative capacity","duration":0.17870999999991,"failureMessages":[],"meta":{}},{"ancestorTitles":["Input Validation Logic","validateEventCapacity"],"fullName":"Input Validation Logic validateEventCapacity should reject capacity exceeding maximum","status":"passed","title":"should reject capacity exceeding maximum","duration":0.10664999999994507,"failureMessages":[],"meta":{}},{"ancestorTitles":["Input Validation Logic","validateEventCapacity"],"fullName":"Input Validation Logic validateEventCapacity should reject non-integer capacity","status":"passed","title":"should reject non-integer capacity","duration":0.09331999999994878,"failureMessages":[],"meta":{}},{"ancestorTitles":["Input Validation Logic","validateEventType"],"fullName":"Input Validation Logic validateEventType should accept valid event types","status":"passed","title":"should accept valid event types","duration":0.13552999999978965,"failureMessages":[],"meta":{}},{"ancestorTitles":["Input Validation Logic","validateEventType"],"fullName":"Input Validation Logic validateEventType should reject invalid event types","status":"passed","title":"should reject invalid event types","duration":0.10597000000007029,"failureMessages":[],"meta":{}},{"ancestorTitles":["Input Validation Logic","validateEventType"],"fullName":"Input Validation Logic validateEventType should be case-sensitive","status":"passed","title":"should be case-sensitive","duration":0.10365999999999076,"failureMessages":[],"meta":{}},{"ancestorTitles":["Input Validation Logic","validateBookingStatus"],"fullName":"Input Validation Logic validateBookingStatus should accept valid booking statuses","status":"passed","title":"should accept valid booking statuses","duration":0.12038000000006832,"failureMessages":[],"meta":{}},{"ancestorTitles":["Input Validation Logic","validateBookingStatus"],"fullName":"Input Validation Logic validateBookingStatus should reject invalid statuses","status":"passed","title":"should reject invalid statuses","duration":0.16061999999988075,"failureMessages":[],"meta":{}},{"ancestorTitles":["Concurrent Booking Logic","handleConcurrentBookings"],"fullName":"Concurrent Booking Logic handleConcurrentBookings should handle race condition for last slot","status":"passed","title":"should handle race condition for last slot","duration":0.23694000000000415,"failureMessages":[],"meta":{}},{"ancestorTitles":["Concurrent Booking Logic","handleConcurrentBookings"],"fullName":"Concurrent Booking Logic handleConcurrentBookings should correctly transition from last slot to waitlist","status":"passed","title":"should correctly transition from last slot to waitlist","duration":5.024239999999963,"failureMessages":[],"meta":{}}],"startTime":1763487977734,"endTime":1763487977748.0242,"status":"passed","message":"","name":"/home/runner/workspace/server/__tests__/booking.logic.test.ts"},{"assertionResults":[{"ancestorTitles":["Performance Tests","Response Time Benchmarks"],"fullName":"Performance Tests Response Time Benchmarks GET /api/events should respond within 500ms","status":"passed","title":"GET /api/events should respond within 500ms","duration":390.563091,"failureMessages":[],"meta":{}},{"ancestorTitles":["Performance Tests","Response Time Benchmarks"],"fullName":"Performance Tests Response Time Benchmarks GET /api/health should respond within 200ms","status":"failed","title":"GET /api/health should respond within 200ms","duration":340.4918819999998,"failureMessages":["AssertionError: expected 324 to be less than 200\n    at /home/runner/workspace/server/__tests__/performance.test.ts:29:24\n    at processTicksAndRejections (node:internal/process/task_queues:95:5)\n    at file:///home/runner/workspace/node_modules/@vitest/runner/dist/index.js:753:20"],"meta":{}},{"ancestorTitles":["Performance Tests","Response Time Benchmarks"],"fullName":"Performance Tests Response Time Benchmarks POST /api/auth/login should respond within 1000ms","status":"passed","title":"POST /api/auth/login should respond within 1000ms","duration":332.29551200000014,"failureMessages":[],"meta":{}},{"ancestorTitles":["Performance Tests","Concurrent Request Handling"],"fullName":"Performance Tests Concurrent Request Handling should handle 10 concurrent event list requests","status":"passed","title":"should handle 10 concurrent event list requests","duration":1028.1775969999999,"failureMessages":[],"meta":{}},{"ancestorTitles":["Performance Tests","Concurrent Request Handling"],"fullName":"Performance Tests Concurrent Request Handling should handle 20 concurrent health checks","status":"passed","title":"should handle 20 concurrent health checks","duration":115.15148699999963,"failureMessages":[],"meta":{}},{"ancestorTitles":["Performance Tests","Concurrent Request Handling"],"fullName":"Performance Tests Concurrent Request Handling should handle mixed concurrent requests","status":"passed","title":"should handle mixed concurrent requests","duration":1106.8350250000003,"failureMessages":[],"meta":{}},{"ancestorTitles":["Performance Tests","Concurrent Booking Simulation"],"fullName":"Performance Tests Concurrent Booking Simulation should handle race condition for last event slot","status":"passed","title":"should handle race condition for last event slot","duration":414.96776000000045,"failureMessages":[],"meta":{}},{"ancestorTitles":["Performance Tests","Large Dataset Performance"],"fullName":"Performance Tests Large Dataset Performance should efficiently handle event listing with statistics","status":"passed","title":"should efficiently handle event listing with statistics","duration":267.5512940000008,"failureMessages":[],"meta":{}},{"ancestorTitles":["Performance Tests","Memory and Resource Usage"],"fullName":"Performance Tests Memory and Resource Usage should not cause memory leaks with repeated requests","status":"passed","title":"should not cause memory leaks with repeated requests","duration":2079.3409819999997,"failureMessages":[],"meta":{}},{"ancestorTitles":["Performance Tests","Database Query Performance"],"fullName":"Performance Tests Database Query Performance should efficiently query events with joins","status":"passed","title":"should efficiently query events with joins","duration":155.3697860000002,"failureMessages":[],"meta":{}},{"ancestorTitles":["Performance Tests","CSV Export Performance"],"fullName":"Performance Tests CSV Export Performance should generate CSV export within acceptable time","status":"passed","title":"should generate CSV export within acceptable time","duration":358.9290720000008,"failureMessages":[],"meta":{}}],"startTime":1763487971709,"endTime":1763487978301.929,"status":"failed","message":"","name":"/home/runner/workspace/server/__tests__/performance.test.ts"},{"assertionResults":[{"ancestorTitles":["Security Tests","Authentication Security"],"fullName":"Security Tests Authentication Security should reject requests without authentication token","status":"passed","title":"should reject requests without authentication token","duration":199.5423350000001,"failureMessages":[],"meta":{}},{"ancestorTitles":["Security Tests","Authentication Security"],"fullName":"Security Tests Authentication Security should reject malformed JWT tokens","status":"passed","title":"should reject malformed JWT tokens","duration":17.79701,"failureMessages":[],"meta":{}},{"ancestorTitles":["Security Tests","Authentication Security"],"fullName":"Security Tests Authentication Security should not accept expired tokens","status":"passed","title":"should not accept expired tokens","duration":11.121990000000096,"failureMessages":[],"meta":{}},{"ancestorTitles":["Security Tests","Authentication Security"],"fullName":"Security Tests Authentication Security should not expose password in API responses","status":"passed","title":"should not expose password in API responses","duration":257.110674,"failureMessages":[],"meta":{}},{"ancestorTitles":["Security Tests","Authentication Security"],"fullName":"Security Tests Authentication Security should hash passwords (not stored in plain text)","status":"passed","title":"should hash passwords (not stored in plain text)","duration":333.31148200000007,"failureMessages":[],"meta":{}},{"ancestorTitles":["Security Tests","Authorization Security"],"fullName":"Security Tests Authorization Security should prevent students from creating events","status":"passed","title":"should prevent students from creating events","duration":269.1463239999998,"failureMessages":[],"meta":{}},{"ancestorTitles":["Security Tests","Authorization Security"],"fullName":"Security Tests Authorization Security should prevent staff from accessing another staff member's events","status":"passed","title":"should prevent staff from accessing another staff member's events","duration":1140.548694,"failureMessages":[],"meta":{}},{"ancestorTitles":["Security Tests","Authorization Security"],"fullName":"Security Tests Authorization Security should prevent students from exporting attendee data","status":"passed","title":"should prevent students from exporting attendee data","duration":1378.1985680000003,"failureMessages":[],"meta":{}},{"ancestorTitles":["Security Tests","Input Validation & Injection Prevention"],"fullName":"Security Tests Input Validation & Injection Prevention should reject SQL injection attempts in login","status":"passed","title":"should reject SQL injection attempts in login","duration":155.69829600000048,"failureMessages":[],"meta":{}},{"ancestorTitles":["Security Tests","Input Validation & Injection Prevention"],"fullName":"Security Tests Input Validation & Injection Prevention should reject XSS attempts in event creation","status":"passed","title":"should reject XSS attempts in event creation","duration":233.4868550000001,"failureMessages":[],"meta":{}},{"ancestorTitles":["Security Tests","Input Validation & Injection Prevention"],"fullName":"Security Tests Input Validation & Injection Prevention should validate capacity is a positive integer","status":"failed","title":"should validate capacity is a positive integer","duration":231.534224,"failureMessages":["AssertionError: expected 201 to be greater than or equal to 400\n    at /home/runner/workspace/server/__tests__/security.test.ts:256:33\n    at processTicksAndRejections (node:internal/process/task_queues:95:5)\n    at file:///home/runner/workspace/node_modules/@vitest/runner/dist/index.js:753:20"],"meta":{}},{"ancestorTitles":["Security Tests","Input Validation & Injection Prevention"],"fullName":"Security Tests Input Validation & Injection Prevention should validate required fields are present","status":"passed","title":"should validate required fields are present","duration":191.01745599999958,"failureMessages":[],"meta":{}},{"ancestorTitles":["Security Tests","Session Management"],"fullName":"Security Tests Session Management should require new login after logout (if logout implemented)","status":"passed","title":"should require new login after logout (if logout implemented)","duration":210.96730500000012,"failureMessages":[],"meta":{}},{"ancestorTitles":["Security Tests","Session Management"],"fullName":"Security Tests Session Management should generate unique tokens for each login","status":"passed","title":"should generate unique tokens for each login","duration":362.07821199999944,"failureMessages":[],"meta":{}},{"ancestorTitles":["Security Tests","Data Protection"],"fullName":"Security Tests Data Protection should not leak sensitive information in error messages","status":"passed","title":"should not leak sensitive information in error messages","duration":28.187638999999763,"failureMessages":[],"meta":{}},{"ancestorTitles":["Security Tests","Data Protection"],"fullName":"Security Tests Data Protection should not expose internal server paths in errors","status":"passed","title":"should not expose internal server paths in errors","duration":31.09219899999971,"failureMessages":[],"meta":{}},{"ancestorTitles":["Security Tests","Data Protection"],"fullName":"Security Tests Data Protection should enforce HTTPS in production (headers check)","status":"passed","title":"should enforce HTTPS in production (headers check)","duration":27.072470000000067,"failureMessages":[],"meta":{}},{"ancestorTitles":["Security Tests","Rate Limiting & DoS Prevention"],"fullName":"Security Tests Rate Limiting & DoS Prevention should handle rapid repeated requests","status":"passed","title":"should handle rapid repeated requests","duration":270.37780399999974,"failureMessages":[],"meta":{}},{"ancestorTitles":["Security Tests","Rate Limiting & DoS Prevention"],"fullName":"Security Tests Rate Limiting & DoS Prevention should handle large payload gracefully","status":"passed","title":"should handle large payload gracefully","duration":28.071528999999828,"failureMessages":[],"meta":{}},{"ancestorTitles":["Security Tests","Cross-Site Request Forgery (CSRF) Protection"],"fullName":"Security Tests Cross-Site Request Forgery (CSRF) Protection should validate content-type header for POST requests","status":"passed","title":"should validate content-type header for POST requests","duration":2.926089999999931,"failureMessages":[],"meta":{}},{"ancestorTitles":["Security Tests","Information Disclosure"],"fullName":"Security Tests Information Disclosure should not reveal database errors to client","status":"passed","title":"should not reveal database errors to client","duration":26.423948999999993,"failureMessages":[],"meta":{}},{"ancestorTitles":["Security Tests","Information Disclosure"],"fullName":"Security Tests Information Disclosure should not expose stack traces in production","status":"passed","title":"should not expose stack traces in production","duration":25.662379999999757,"failureMessages":[],"meta":{}}],"startTime":1763487971711,"endTime":1763487977148.6624,"status":"failed","message":"","name":"/home/runner/workspace/server/__tests__/security.test.ts"},{"assertionResults":[{"ancestorTitles":["Accessibility & Usability Tests","WCAG Compliance Checks"],"fullName":"Accessibility & Usability Tests WCAG Compliance Checks should document color contrast requirements","status":"passed","title":"should document color contrast requirements","duration":1.1975999999999658,"failureMessages":[],"meta":{}},{"ancestorTitles":["Accessibility & Usability Tests","WCAG Compliance Checks"],"fullName":"Accessibility & Usability Tests WCAG Compliance Checks should document heading hierarchy requirement","status":"passed","title":"should document heading hierarchy requirement","duration":0.24460999999996602,"failureMessages":[],"meta":{}},{"ancestorTitles":["Accessibility & Usability Tests","WCAG Compliance Checks"],"fullName":"Accessibility & Usability Tests WCAG Compliance Checks should document keyboard navigation requirement","status":"passed","title":"should document keyboard navigation requirement","duration":0.26223000000004504,"failureMessages":[],"meta":{}},{"ancestorTitles":["Accessibility & Usability Tests","WCAG Compliance Checks"],"fullName":"Accessibility & Usability Tests WCAG Compliance Checks should document focus indicators requirement","status":"passed","title":"should document focus indicators requirement","duration":0.16028999999980442,"failureMessages":[],"meta":{}},{"ancestorTitles":["Accessibility & Usability Tests","WCAG Compliance Checks"],"fullName":"Accessibility & Usability Tests WCAG Compliance Checks should document form label requirement","status":"passed","title":"should document form label requirement","duration":0.15724999999997635,"failureMessages":[],"meta":{}},{"ancestorTitles":["Accessibility & Usability Tests","Screen Reader Compatibility"],"fullName":"Accessibility & Usability Tests Screen Reader Compatibility should document ARIA attributes usage","status":"passed","title":"should document ARIA attributes usage","duration":0.21157000000016524,"failureMessages":[],"meta":{}},{"ancestorTitles":["Accessibility & Usability Tests","Screen Reader Compatibility"],"fullName":"Accessibility & Usability Tests Screen Reader Compatibility should document semantic HTML requirement","status":"passed","title":"should document semantic HTML requirement","duration":0.1862300000000232,"failureMessages":[],"meta":{}},{"ancestorTitles":["Accessibility & Usability Tests","Screen Reader Compatibility"],"fullName":"Accessibility & Usability Tests Screen Reader Compatibility should document alt text requirement for images","status":"passed","title":"should document alt text requirement for images","duration":0.13558000000011816,"failureMessages":[],"meta":{}},{"ancestorTitles":["Accessibility & Usability Tests","Responsive Design"],"fullName":"Accessibility & Usability Tests Responsive Design should document mobile viewport requirements","status":"passed","title":"should document mobile viewport requirements","duration":0.2776699999999437,"failureMessages":[],"meta":{}},{"ancestorTitles":["Accessibility & Usability Tests","Responsive Design"],"fullName":"Accessibility & Usability Tests Responsive Design should document tablet viewport requirements","status":"passed","title":"should document tablet viewport requirements","duration":0.19147000000020853,"failureMessages":[],"meta":{}},{"ancestorTitles":["Accessibility & Usability Tests","Responsive Design"],"fullName":"Accessibility & Usability Tests Responsive Design should document desktop requirements","status":"passed","title":"should document desktop requirements","duration":0.17089999999984684,"failureMessages":[],"meta":{}},{"ancestorTitles":["Accessibility & Usability Tests","Form Usability"],"fullName":"Accessibility & Usability Tests Form Usability should document error message requirements","status":"passed","title":"should document error message requirements","duration":0.12274000000002161,"failureMessages":[],"meta":{}},{"ancestorTitles":["Accessibility & Usability Tests","Form Usability"],"fullName":"Accessibility & Usability Tests Form Usability should document input validation feedback","status":"passed","title":"should document input validation feedback","duration":0.15838999999982661,"failureMessages":[],"meta":{}},{"ancestorTitles":["Accessibility & Usability Tests","Form Usability"],"fullName":"Accessibility & Usability Tests Form Usability should document autocomplete attributes","status":"passed","title":"should document autocomplete attributes","duration":0.21036000000003696,"failureMessages":[],"meta":{}},{"ancestorTitles":["Accessibility & Usability Tests","Loading States & Feedback"],"fullName":"Accessibility & Usability Tests Loading States & Feedback should document loading indicator requirements","status":"passed","title":"should document loading indicator requirements","duration":0.10365000000001601,"failureMessages":[],"meta":{}},{"ancestorTitles":["Accessibility & Usability Tests","Loading States & Feedback"],"fullName":"Accessibility & Usability Tests Loading States & Feedback should document success/error feedback","status":"passed","title":"should document success/error feedback","duration":0.14932999999996355,"failureMessages":[],"meta":{}},{"ancestorTitles":["Accessibility & Usability Tests","Navigation Usability"],"fullName":"Accessibility & Usability Tests Navigation Usability should document breadcrumb/back navigation","status":"passed","title":"should document breadcrumb/back navigation","duration":0.09617000000002918,"failureMessages":[],"meta":{}},{"ancestorTitles":["Accessibility & Usability Tests","Navigation Usability"],"fullName":"Accessibility & Usability Tests Navigation Usability should document search and filter usability","status":"passed","title":"should document search and filter usability","duration":0.0675699999999324,"failureMessages":[],"meta":{}},{"ancestorTitles":["Accessibility & Usability Tests","Data Table Accessibility"],"fullName":"Accessibility & Usability Tests Data Table Accessibility should document table header requirements","status":"passed","title":"should document table header requirements","duration":0.07917999999995118,"failureMessages":[],"meta":{}},{"ancestorTitles":["Accessibility & Usability Tests","Data Table Accessibility"],"fullName":"Accessibility & Usability Tests Data Table Accessibility should document empty state messaging","status":"passed","title":"should document empty state messaging","duration":0.16174000000000888,"failureMessages":[],"meta":{}},{"ancestorTitles":["Accessibility & Usability Tests","Browser Compatibility Matrix"],"fullName":"Accessibility & Usability Tests Browser Compatibility Matrix should document supported browsers","status":"passed","title":"should document supported browsers","duration":0.1555599999999231,"failureMessages":[],"meta":{}},{"ancestorTitles":["Accessibility & Usability Tests","Browser Compatibility Matrix"],"fullName":"Accessibility & Usability Tests Browser Compatibility Matrix should document CSS feature compatibility","status":"passed","title":"should document CSS feature compatibility","duration":0.1319700000001376,"failureMessages":[],"meta":{}},{"ancestorTitles":["Accessibility & Usability Tests","Browser Compatibility Matrix"],"fullName":"Accessibility & Usability Tests Browser Compatibility Matrix should document JavaScript feature requirements","status":"passed","title":"should document JavaScript feature requirements","duration":0.16382999999996173,"failureMessages":[],"meta":{}},{"ancestorTitles":["Accessibility & Usability Tests","Performance & UX"],"fullName":"Accessibility & Usability Tests Performance & UX should document page load performance targets","status":"passed","title":"should document page load performance targets","duration":0.13369999999986248,"failureMessages":[],"meta":{}},{"ancestorTitles":["Accessibility & Usability Tests","Performance & UX"],"fullName":"Accessibility & Usability Tests Performance & UX should document interaction responsiveness","status":"passed","title":"should document interaction responsiveness","duration":0.11595000000011169,"failureMessages":[],"meta":{}}],"startTime":1763487978562,"endTime":1763487978568.1338,"status":"passed","message":"","name":"/home/runner/workspace/client/src/__tests__/accessibility.test.ts"}]}
